<?xml version="1.0" encoding="UTF-8"?>
<testng-results skipped="0" failed="0" ignored="0" total="1" passed="1">
  <reporter-output>
  </reporter-output>
  <suite name="Default suite" duration-ms="932" started-at="2018-11-27T00:55:11Z" finished-at="2018-11-27T00:55:12Z">
    <groups>
    </groups>
    <test name="Default test" duration-ms="932" started-at="2018-11-27T00:55:11Z" finished-at="2018-11-27T00:55:12Z">
      <class name="testinggridsaucelab.DatabaseConnection">
        <test-method status="PASS" signature="connection()[pri:0, instance:testinggridsaucelab.DatabaseConnection@7dc7cbad]" name="connection" duration-ms="902" started-at="2018-11-27T00:55:11Z" finished-at="2018-11-27T00:55:12Z">
          <reporter-output>
          </reporter-output>
        </test-method> <!-- connection -->
      </class> <!-- testinggridsaucelab.DatabaseConnection -->
    </test> <!-- Default test -->
  </suite> <!-- Default suite -->
</testng-results>
